[debug] [2023-07-18T04:01:56.724Z] ----------------------------------------------------------------------
[debug] [2023-07-18T04:01:56.726Z] Command:       C:\Program Files (x86)\nodejs\node.exe C:\Users\admin\AppData\Roaming\npm\node_modules\firebase-tools\lib\bin\firebase.js init
[debug] [2023-07-18T04:01:56.726Z] CLI Version:   12.4.4
[debug] [2023-07-18T04:01:56.726Z] Platform:      win32
[debug] [2023-07-18T04:01:56.727Z] Node Version:  v18.15.0
[debug] [2023-07-18T04:01:56.728Z] Time:          Tue Jul 18 2023 11:01:56 GMT+0700 (Indochina Time)
[debug] [2023-07-18T04:01:56.728Z] ----------------------------------------------------------------------
[debug] 
[debug] [2023-07-18T04:01:56.793Z] > command requires scopes: ["email","openid","https://www.googleapis.com/auth/cloudplatformprojects.readonly","https://www.googleapis.com/auth/firebase","https://www.googleapis.com/auth/cloud-platform"]
[debug] [2023-07-18T04:01:56.793Z] > authorizing via signed-in user (tabao08102000@gmail.com)
[info] 
     ######## #### ########  ######## ########     ###     ######  ########
     ##        ##  ##     ## ##       ##     ##  ##   ##  ##       ##
     ######    ##  ########  ######   ########  #########  ######  ######
     ##        ##  ##    ##  ##       ##     ## ##     ##       ## ##
     ##       #### ##     ## ######## ########  ##     ##  ######  ########

You're about to initialize a Firebase project in this directory:

  D:\VueJS\hope_shop

Before we get started, keep in mind:

  * You are initializing within an existing Firebase project directory

[info] 
=== Project Setup
[info] 
[info] First, let's associate this project directory with a Firebase project.
[info] You can create multiple project aliases by running firebase use --add, 
[info] but for now we'll just set up a default project.
[info] 
[debug] [2023-07-18T04:02:13.609Z] Using project from CLI flag: hope-shop-k13
[debug] [2023-07-18T04:02:13.611Z] > refreshing access token with scopes: []
[debug] [2023-07-18T04:02:13.614Z] >>> [apiv2][query] POST https://www.googleapis.com/oauth2/v3/token [none]
[debug] [2023-07-18T04:02:13.614Z] >>> [apiv2][body] POST https://www.googleapis.com/oauth2/v3/token [omitted]
[debug] [2023-07-18T04:02:13.855Z] <<< [apiv2][status] POST https://www.googleapis.com/oauth2/v3/token 400
[debug] [2023-07-18T04:02:13.855Z] <<< [apiv2][body] POST https://www.googleapis.com/oauth2/v3/token [omitted]
[debug] [2023-07-18T04:02:13.855Z] >>> [apiv2][query] GET https://firebase.googleapis.com/v1beta1/projects/hope-shop-k13 [none]
[debug] [2023-07-18T04:02:14.002Z] <<< [apiv2][status] GET https://firebase.googleapis.com/v1beta1/projects/hope-shop-k13 401
[debug] [2023-07-18T04:02:14.002Z] <<< [apiv2][body] GET https://firebase.googleapis.com/v1beta1/projects/hope-shop-k13 {"error":{"code":401,"message":"Request had invalid authentication credentials. Expected OAuth 2 access token, login cookie or other valid authentication credential. See https://developers.google.com/identity/sign-in/web/devconsole-project.","status":"UNAUTHENTICATED"}}
[debug] [2023-07-18T04:02:14.003Z] HTTP Error: 401, Request had invalid authentication credentials. Expected OAuth 2 access token, login cookie or other valid authentication credential. See https://developers.google.com/identity/sign-in/web/devconsole-project.
[debug] [2023-07-18T04:02:14.151Z] FirebaseError: HTTP Error: 401, Request had invalid authentication credentials. Expected OAuth 2 access token, login cookie or other valid authentication credential. See https://developers.google.com/identity/sign-in/web/devconsole-project.
    at responseToError (C:\Users\admin\AppData\Roaming\npm\node_modules\firebase-tools\lib\responseToError.js:49:12)
    at RetryOperation._fn (C:\Users\admin\AppData\Roaming\npm\node_modules\firebase-tools\lib\apiv2.js:289:77)
    at process.processTicksAndRejections (node:internal/process/task_queues:95:5)
[error] 
[error] Error: Failed to get Firebase project hope-shop-k13. Please make sure the project exists and your account has permission to access it.
